<testsuites id="" name="" tests="66" failures="30" skipped="0" errors="0" time="40.887009">
<testsuite name="performance.spec.ts" timestamp="2025-07-27T09:53:28.072Z" hostname="chromium" tests="6" failures="2" skipped="0" time="23.706" errors="0">
<testcase name="성능 테스트 › 초기 페이지 로드 성능" classname="performance.spec.ts" time="1.022">
<system-out>
<![CDATA[성능 메트릭: {
  domContentLoaded: [33m0.10000002384185791[39m,
  loadComplete: [33m0[39m,
  firstPaint: [33m164[39m,
  firstContentfulPaint: [33m296[39m,
  networkTime: [33m10[39m
}
]]>
</system-out>
</testcase>
<testcase name="성능 테스트 › 대량 데이터 렌더링 성능" classname="performance.spec.ts" time="1.54">
</testcase>
<testcase name="성능 테스트 › 검색 성능" classname="performance.spec.ts" time="4.212">
</testcase>
<testcase name="성능 테스트 › 필터링 성능" classname="performance.spec.ts" time="4.304">
<failure message="performance.spec.ts:87:3 필터링 성능" type="FAILURE">
<![CDATA[  [chromium] › performance.spec.ts:87:3 › 성능 테스트 › 필터링 성능 ──────────────────────────────────────────

    Error: expect(received).toBeLessThan(expected)

    Expected: < 500
    Received:   898

      107 |     
      108 |     // 필터링은 500ms 이내 완료
    > 109 |     expect(filterTime).toBeLessThan(500);
          |                        ^
      110 |   });
      111 |
      112 |   test('메모리 사용량 모니터링', async ({ page }) => {
        at D:\study\viveCoding\hanbit-vibecoding-test\apps\client\e2e\performance.spec.ts:109:24

    attachment #1: screenshot (image/png) ──────────────────────────────────────────────────────────
    ..\test-results\performance-성능-테스트-필터링-성능-chromium\test-failed-1.png
    ────────────────────────────────────────────────────────────────────────────────────────────────

    attachment #2: video (video/webm) ──────────────────────────────────────────────────────────────
    ..\test-results\performance-성능-테스트-필터링-성능-chromium\video.webm
    ────────────────────────────────────────────────────────────────────────────────────────────────

    Error Context: ..\test-results\performance-성능-테스트-필터링-성능-chromium\error-context.md
]]>
</failure>
<system-out>
<![CDATA[
[[ATTACHMENT|test-results\performance-성능-테스트-필터링-성능-chromium\test-failed-1.png]]

[[ATTACHMENT|test-results\performance-성능-테스트-필터링-성능-chromium\video.webm]]

[[ATTACHMENT|test-results\performance-성능-테스트-필터링-성능-chromium\error-context.md]]
]]>
</system-out>
</testcase>
<testcase name="성능 테스트 › 메모리 사용량 모니터링" classname="performance.spec.ts" time="11.546">
<failure message="performance.spec.ts:112:3 메모리 사용량 모니터링" type="FAILURE">
<![CDATA[  [chromium] › performance.spec.ts:112:3 › 성능 테스트 › 메모리 사용량 모니터링 ───────────────────────────────────

    TimeoutError: locator.click: Timeout 10000ms exceeded.
    Call log:
      - waiting for locator('[value="medium"]')


       at page-objects\todo-page.ts:81

      79 |     // 우선순위 선택 (Select 컴포넌트 구조에 맞게 수정)
      80 |     await this.prioritySelect.click();
    > 81 |     await this.page.locator(`[value="${priority}"]`).click();
         |                                                      ^
      82 |     
      83 |     // 추가 버튼 클릭
      84 |     await this.addButton.click();
        at TodoPage.addTodo (D:\study\viveCoding\hanbit-vibecoding-test\apps\client\e2e\page-objects\todo-page.ts:81:54)
        at D:\study\viveCoding\hanbit-vibecoding-test\apps\client\e2e\performance.spec.ts:126:7

    attachment #1: screenshot (image/png) ──────────────────────────────────────────────────────────
    ..\test-results\performance-성능-테스트-메모리-사용량-모니터링-chromium\test-failed-1.png
    ────────────────────────────────────────────────────────────────────────────────────────────────

    attachment #2: video (video/webm) ──────────────────────────────────────────────────────────────
    ..\test-results\performance-성능-테스트-메모리-사용량-모니터링-chromium\video.webm
    ────────────────────────────────────────────────────────────────────────────────────────────────

    Error Context: ..\test-results\performance-성능-테스트-메모리-사용량-모니터링-chromium\error-context.md
]]>
</failure>
<system-out>
<![CDATA[
[[ATTACHMENT|test-results\performance-성능-테스트-메모리-사용량-모니터링-chromium\test-failed-1.png]]

[[ATTACHMENT|test-results\performance-성능-테스트-메모리-사용량-모니터링-chromium\video.webm]]

[[ATTACHMENT|test-results\performance-성능-테스트-메모리-사용량-모니터링-chromium\error-context.md]]
]]>
</system-out>
</testcase>
<testcase name="성능 테스트 › 네트워크 요청 최적화" classname="performance.spec.ts" time="1.082">
<system-out>
<![CDATA[네트워크 요청 수: [33m42[39m
정적 자산 요청 수: [33m20[39m
]]>
</system-out>
</testcase>
</testsuite>
<testsuite name="todo-app.spec.ts" timestamp="2025-07-27T09:53:28.072Z" hostname="chromium" tests="5" failures="2" skipped="0" time="26.327" errors="0">
<testcase name="TODO 앱 핵심 기능 테스트 › 애플리케이션이 성공적으로 로드되어야 함" classname="todo-app.spec.ts" time="1.148">
</testcase>
<testcase name="TODO 앱 핵심 기능 테스트 › 초기 통계가 올바르게 표시되어야 함" classname="todo-app.spec.ts" time="1.082">
</testcase>
<testcase name="TODO 앱 핵심 기능 테스트 › 새로운 할 일을 추가할 수 있어야 함" classname="todo-app.spec.ts" time="11.498">
<failure message="todo-app.spec.ts:35:3 새로운 할 일을 추가할 수 있어야 함" type="FAILURE">
<![CDATA[  [chromium] › todo-app.spec.ts:35:3 › TODO 앱 핵심 기능 테스트 › 새로운 할 일을 추가할 수 있어야 함 ─────────────────────

    TimeoutError: locator.click: Timeout 10000ms exceeded.
    Call log:
      - waiting for locator('[value="medium"]')


       at page-objects\todo-page.ts:81

      79 |     // 우선순위 선택 (Select 컴포넌트 구조에 맞게 수정)
      80 |     await this.prioritySelect.click();
    > 81 |     await this.page.locator(`[value="${priority}"]`).click();
         |                                                      ^
      82 |     
      83 |     // 추가 버튼 클릭
      84 |     await this.addButton.click();
        at TodoPage.addTodo (D:\study\viveCoding\hanbit-vibecoding-test\apps\client\e2e\page-objects\todo-page.ts:81:54)
        at D:\study\viveCoding\hanbit-vibecoding-test\apps\client\e2e\todo-app.spec.ts:38:5

    attachment #1: screenshot (image/png) ──────────────────────────────────────────────────────────
    ..\test-results\todo-app-TODO-앱-핵심-기능-테스트-새로운-할-일을-추가할-수-있어야-함-chromium\test-failed-1.png
    ────────────────────────────────────────────────────────────────────────────────────────────────

    attachment #2: video (video/webm) ──────────────────────────────────────────────────────────────
    ..\test-results\todo-app-TODO-앱-핵심-기능-테스트-새로운-할-일을-추가할-수-있어야-함-chromium\video.webm
    ────────────────────────────────────────────────────────────────────────────────────────────────

    Error Context: ..\test-results\todo-app-TODO-앱-핵심-기능-테스트-새로운-할-일을-추가할-수-있어야-함-chromium\error-context.md
]]>
</failure>
<system-out>
<![CDATA[
[[ATTACHMENT|test-results\todo-app-TODO-앱-핵심-기능-테스트-새로운-할-일을-추가할-수-있어야-함-chromium\test-failed-1.png]]

[[ATTACHMENT|test-results\todo-app-TODO-앱-핵심-기능-테스트-새로운-할-일을-추가할-수-있어야-함-chromium\video.webm]]

[[ATTACHMENT|test-results\todo-app-TODO-앱-핵심-기능-테스트-새로운-할-일을-추가할-수-있어야-함-chromium\error-context.md]]
]]>
</system-out>
</testcase>
<testcase name="TODO 앱 핵심 기능 테스트 › 다양한 우선순위로 할 일을 추가할 수 있어야 함" classname="todo-app.spec.ts" time="11.405">
<failure message="todo-app.spec.ts:52:3 다양한 우선순위로 할 일을 추가할 수 있어야 함" type="FAILURE">
<![CDATA[  [chromium] › todo-app.spec.ts:52:3 › TODO 앱 핵심 기능 테스트 › 다양한 우선순위로 할 일을 추가할 수 있어야 함 ───────────────

    TimeoutError: locator.click: Timeout 10000ms exceeded.
    Call log:
      - waiting for locator('[value="high"]')


       at page-objects\todo-page.ts:81

      79 |     // 우선순위 선택 (Select 컴포넌트 구조에 맞게 수정)
      80 |     await this.prioritySelect.click();
    > 81 |     await this.page.locator(`[value="${priority}"]`).click();
         |                                                      ^
      82 |     
      83 |     // 추가 버튼 클릭
      84 |     await this.addButton.click();
        at TodoPage.addTodo (D:\study\viveCoding\hanbit-vibecoding-test\apps\client\e2e\page-objects\todo-page.ts:81:54)
        at D:\study\viveCoding\hanbit-vibecoding-test\apps\client\e2e\todo-app.spec.ts:53:5

    attachment #1: screenshot (image/png) ──────────────────────────────────────────────────────────
    ..\test-results\todo-app-TODO-앱-핵심-기능-테스트-다양한-우선순위로-할-일을-추가할-수-있어야-함-chromium\test-failed-1.png
    ────────────────────────────────────────────────────────────────────────────────────────────────

    attachment #2: video (video/webm) ──────────────────────────────────────────────────────────────
    ..\test-results\todo-app-TODO-앱-핵심-기능-테스트-다양한-우선순위로-할-일을-추가할-수-있어야-함-chromium\video.webm
    ────────────────────────────────────────────────────────────────────────────────────────────────

    Error Context: ..\test-results\todo-app-TODO-앱-핵심-기능-테스트-다양한-우선순위로-할-일을-추가할-수-있어야-함-chromium\error-context.md
]]>
</failure>
<system-out>
<![CDATA[
[[ATTACHMENT|test-results\todo-app-TODO-앱-핵심-기능-테스트-다양한-우선순위로-할-일을-추가할-수-있어야-함-chromium\test-failed-1.png]]

[[ATTACHMENT|test-results\todo-app-TODO-앱-핵심-기능-테스트-다양한-우선순위로-할-일을-추가할-수-있어야-함-chromium\video.webm]]

[[ATTACHMENT|test-results\todo-app-TODO-앱-핵심-기능-테스트-다양한-우선순위로-할-일을-추가할-수-있어야-함-chromium\error-context.md]]
]]>
</system-out>
</testcase>
<testcase name="TODO 앱 핵심 기능 테스트 › 빈 제목으로는 할 일을 추가할 수 없어야 함" classname="todo-app.spec.ts" time="1.194">
</testcase>
</testsuite>
<testsuite name="performance.spec.ts" timestamp="2025-07-27T09:53:28.072Z" hostname="firefox" tests="6" failures="3" skipped="0" time="41.998" errors="0">
<testcase name="성능 테스트 › 초기 페이지 로드 성능" classname="performance.spec.ts" time="4.162">
<failure message="performance.spec.ts:13:3 초기 페이지 로드 성능" type="FAILURE">
<![CDATA[  [firefox] › performance.spec.ts:13:3 › 성능 테스트 › 초기 페이지 로드 성능 ─────────────────────────────────────

    Error: expect(received).toBeLessThan(expected)

    Expected: < 3000
    Received:   3363

      19 |     
      20 |     // 3초 이내 로드 확인
    > 21 |     expect(loadTime).toBeLessThan(3000);
         |                      ^
      22 |     
      23 |     // 성능 메트릭 수집
      24 |     const metrics = await collectPerformanceMetrics(page);
        at D:\study\viveCoding\hanbit-vibecoding-test\apps\client\e2e\performance.spec.ts:21:22

    attachment #1: screenshot (image/png) ──────────────────────────────────────────────────────────
    ..\test-results\performance-성능-테스트-초기-페이지-로드-성능-firefox\test-failed-1.png
    ────────────────────────────────────────────────────────────────────────────────────────────────

    attachment #2: video (video/webm) ──────────────────────────────────────────────────────────────
    ..\test-results\performance-성능-테스트-초기-페이지-로드-성능-firefox\video.webm
    ────────────────────────────────────────────────────────────────────────────────────────────────

    Error Context: ..\test-results\performance-성능-테스트-초기-페이지-로드-성능-firefox\error-context.md
]]>
</failure>
<system-out>
<![CDATA[
[[ATTACHMENT|test-results\performance-성능-테스트-초기-페이지-로드-성능-firefox\test-failed-1.png]]

[[ATTACHMENT|test-results\performance-성능-테스트-초기-페이지-로드-성능-firefox\video.webm]]

[[ATTACHMENT|test-results\performance-성능-테스트-초기-페이지-로드-성능-firefox\error-context.md]]
]]>
</system-out>
</testcase>
<testcase name="성능 테스트 › 대량 데이터 렌더링 성능" classname="performance.spec.ts" time="5.5">
</testcase>
<testcase name="성능 테스트 › 검색 성능" classname="performance.spec.ts" time="6.421">
</testcase>
<testcase name="성능 테스트 › 필터링 성능" classname="performance.spec.ts" time="8.432">
<failure message="performance.spec.ts:87:3 필터링 성능" type="FAILURE">
<![CDATA[  [firefox] › performance.spec.ts:87:3 › 성능 테스트 › 필터링 성능 ───────────────────────────────────────────

    Error: expect(received).toBeLessThan(expected)

    Expected: < 500
    Received:   995

      107 |     
      108 |     // 필터링은 500ms 이내 완료
    > 109 |     expect(filterTime).toBeLessThan(500);
          |                        ^
      110 |   });
      111 |
      112 |   test('메모리 사용량 모니터링', async ({ page }) => {
        at D:\study\viveCoding\hanbit-vibecoding-test\apps\client\e2e\performance.spec.ts:109:24

    attachment #1: screenshot (image/png) ──────────────────────────────────────────────────────────
    ..\test-results\performance-성능-테스트-필터링-성능-firefox\test-failed-1.png
    ────────────────────────────────────────────────────────────────────────────────────────────────

    attachment #2: video (video/webm) ──────────────────────────────────────────────────────────────
    ..\test-results\performance-성능-테스트-필터링-성능-firefox\video.webm
    ────────────────────────────────────────────────────────────────────────────────────────────────

    Error Context: ..\test-results\performance-성능-테스트-필터링-성능-firefox\error-context.md
]]>
</failure>
<system-out>
<![CDATA[
[[ATTACHMENT|test-results\performance-성능-테스트-필터링-성능-firefox\test-failed-1.png]]

[[ATTACHMENT|test-results\performance-성능-테스트-필터링-성능-firefox\video.webm]]

[[ATTACHMENT|test-results\performance-성능-테스트-필터링-성능-firefox\error-context.md]]
]]>
</system-out>
</testcase>
<testcase name="성능 테스트 › 메모리 사용량 모니터링" classname="performance.spec.ts" time="13.667">
<failure message="performance.spec.ts:112:3 메모리 사용량 모니터링" type="FAILURE">
<![CDATA[  [firefox] › performance.spec.ts:112:3 › 성능 테스트 › 메모리 사용량 모니터링 ────────────────────────────────────

    TimeoutError: locator.click: Timeout 10000ms exceeded.
    Call log:
      - waiting for locator('[value="medium"]')


       at page-objects\todo-page.ts:81

      79 |     // 우선순위 선택 (Select 컴포넌트 구조에 맞게 수정)
      80 |     await this.prioritySelect.click();
    > 81 |     await this.page.locator(`[value="${priority}"]`).click();
         |                                                      ^
      82 |     
      83 |     // 추가 버튼 클릭
      84 |     await this.addButton.click();
        at TodoPage.addTodo (D:\study\viveCoding\hanbit-vibecoding-test\apps\client\e2e\page-objects\todo-page.ts:81:54)
        at D:\study\viveCoding\hanbit-vibecoding-test\apps\client\e2e\performance.spec.ts:126:7

    attachment #1: screenshot (image/png) ──────────────────────────────────────────────────────────
    ..\test-results\performance-성능-테스트-메모리-사용량-모니터링-firefox\test-failed-1.png
    ────────────────────────────────────────────────────────────────────────────────────────────────

    attachment #2: video (video/webm) ──────────────────────────────────────────────────────────────
    ..\test-results\performance-성능-테스트-메모리-사용량-모니터링-firefox\video.webm
    ────────────────────────────────────────────────────────────────────────────────────────────────

    Error Context: ..\test-results\performance-성능-테스트-메모리-사용량-모니터링-firefox\error-context.md
]]>
</failure>
<system-out>
<![CDATA[
[[ATTACHMENT|test-results\performance-성능-테스트-메모리-사용량-모니터링-firefox\test-failed-1.png]]

[[ATTACHMENT|test-results\performance-성능-테스트-메모리-사용량-모니터링-firefox\video.webm]]

[[ATTACHMENT|test-results\performance-성능-테스트-메모리-사용량-모니터링-firefox\error-context.md]]
]]>
</system-out>
</testcase>
<testcase name="성능 테스트 › 네트워크 요청 최적화" classname="performance.spec.ts" time="3.816">
<system-out>
<![CDATA[네트워크 요청 수: [33m44[39m
정적 자산 요청 수: [33m20[39m
]]>
</system-out>
</testcase>
</testsuite>
<testsuite name="todo-app.spec.ts" timestamp="2025-07-27T09:53:28.072Z" hostname="firefox" tests="5" failures="2" skipped="0" time="38.853" errors="0">
<testcase name="TODO 앱 핵심 기능 테스트 › 애플리케이션이 성공적으로 로드되어야 함" classname="todo-app.spec.ts" time="3.523">
</testcase>
<testcase name="TODO 앱 핵심 기능 테스트 › 초기 통계가 올바르게 표시되어야 함" classname="todo-app.spec.ts" time="3.682">
</testcase>
<testcase name="TODO 앱 핵심 기능 테스트 › 새로운 할 일을 추가할 수 있어야 함" classname="todo-app.spec.ts" time="13.912">
<failure message="todo-app.spec.ts:35:3 새로운 할 일을 추가할 수 있어야 함" type="FAILURE">
<![CDATA[  [firefox] › todo-app.spec.ts:35:3 › TODO 앱 핵심 기능 테스트 › 새로운 할 일을 추가할 수 있어야 함 ──────────────────────

    TimeoutError: locator.click: Timeout 10000ms exceeded.
    Call log:
      - waiting for locator('[value="medium"]')


       at page-objects\todo-page.ts:81

      79 |     // 우선순위 선택 (Select 컴포넌트 구조에 맞게 수정)
      80 |     await this.prioritySelect.click();
    > 81 |     await this.page.locator(`[value="${priority}"]`).click();
         |                                                      ^
      82 |     
      83 |     // 추가 버튼 클릭
      84 |     await this.addButton.click();
        at TodoPage.addTodo (D:\study\viveCoding\hanbit-vibecoding-test\apps\client\e2e\page-objects\todo-page.ts:81:54)
        at D:\study\viveCoding\hanbit-vibecoding-test\apps\client\e2e\todo-app.spec.ts:38:5

    attachment #1: screenshot (image/png) ──────────────────────────────────────────────────────────
    ..\test-results\todo-app-TODO-앱-핵심-기능-테스트-새로운-할-일을-추가할-수-있어야-함-firefox\test-failed-1.png
    ────────────────────────────────────────────────────────────────────────────────────────────────

    attachment #2: video (video/webm) ──────────────────────────────────────────────────────────────
    ..\test-results\todo-app-TODO-앱-핵심-기능-테스트-새로운-할-일을-추가할-수-있어야-함-firefox\video.webm
    ────────────────────────────────────────────────────────────────────────────────────────────────

    Error Context: ..\test-results\todo-app-TODO-앱-핵심-기능-테스트-새로운-할-일을-추가할-수-있어야-함-firefox\error-context.md
]]>
</failure>
<system-out>
<![CDATA[
[[ATTACHMENT|test-results\todo-app-TODO-앱-핵심-기능-테스트-새로운-할-일을-추가할-수-있어야-함-firefox\test-failed-1.png]]

[[ATTACHMENT|test-results\todo-app-TODO-앱-핵심-기능-테스트-새로운-할-일을-추가할-수-있어야-함-firefox\video.webm]]

[[ATTACHMENT|test-results\todo-app-TODO-앱-핵심-기능-테스트-새로운-할-일을-추가할-수-있어야-함-firefox\error-context.md]]
]]>
</system-out>
</testcase>
<testcase name="TODO 앱 핵심 기능 테스트 › 다양한 우선순위로 할 일을 추가할 수 있어야 함" classname="todo-app.spec.ts" time="13.717">
<failure message="todo-app.spec.ts:52:3 다양한 우선순위로 할 일을 추가할 수 있어야 함" type="FAILURE">
<![CDATA[  [firefox] › todo-app.spec.ts:52:3 › TODO 앱 핵심 기능 테스트 › 다양한 우선순위로 할 일을 추가할 수 있어야 함 ────────────────

    TimeoutError: locator.click: Timeout 10000ms exceeded.
    Call log:
      - waiting for locator('[value="high"]')


       at page-objects\todo-page.ts:81

      79 |     // 우선순위 선택 (Select 컴포넌트 구조에 맞게 수정)
      80 |     await this.prioritySelect.click();
    > 81 |     await this.page.locator(`[value="${priority}"]`).click();
         |                                                      ^
      82 |     
      83 |     // 추가 버튼 클릭
      84 |     await this.addButton.click();
        at TodoPage.addTodo (D:\study\viveCoding\hanbit-vibecoding-test\apps\client\e2e\page-objects\todo-page.ts:81:54)
        at D:\study\viveCoding\hanbit-vibecoding-test\apps\client\e2e\todo-app.spec.ts:53:5

    attachment #1: screenshot (image/png) ──────────────────────────────────────────────────────────
    ..\test-results\todo-app-TODO-앱-핵심-기능-테스트-다양한-우선순위로-할-일을-추가할-수-있어야-함-firefox\test-failed-1.png
    ────────────────────────────────────────────────────────────────────────────────────────────────

    attachment #2: video (video/webm) ──────────────────────────────────────────────────────────────
    ..\test-results\todo-app-TODO-앱-핵심-기능-테스트-다양한-우선순위로-할-일을-추가할-수-있어야-함-firefox\video.webm
    ────────────────────────────────────────────────────────────────────────────────────────────────

    Error Context: ..\test-results\todo-app-TODO-앱-핵심-기능-테스트-다양한-우선순위로-할-일을-추가할-수-있어야-함-firefox\error-context.md
]]>
</failure>
<system-out>
<![CDATA[
[[ATTACHMENT|test-results\todo-app-TODO-앱-핵심-기능-테스트-다양한-우선순위로-할-일을-추가할-수-있어야-함-firefox\test-failed-1.png]]

[[ATTACHMENT|test-results\todo-app-TODO-앱-핵심-기능-테스트-다양한-우선순위로-할-일을-추가할-수-있어야-함-firefox\video.webm]]

[[ATTACHMENT|test-results\todo-app-TODO-앱-핵심-기능-테스트-다양한-우선순위로-할-일을-추가할-수-있어야-함-firefox\error-context.md]]
]]>
</system-out>
</testcase>
<testcase name="TODO 앱 핵심 기능 테스트 › 빈 제목으로는 할 일을 추가할 수 없어야 함" classname="todo-app.spec.ts" time="4.019">
</testcase>
</testsuite>
<testsuite name="performance.spec.ts" timestamp="2025-07-27T09:53:28.072Z" hostname="webkit" tests="6" failures="3" skipped="0" time="28.959" errors="0">
<testcase name="성능 테스트 › 초기 페이지 로드 성능" classname="performance.spec.ts" time="1.216">
<system-out>
<![CDATA[성능 메트릭: {
  domContentLoaded: [33m0[39m,
  loadComplete: [33m0[39m,
  firstPaint: [33m0[39m,
  firstContentfulPaint: [33m371[39m,
  networkTime: [33m3[39m
}
]]>
</system-out>
</testcase>
<testcase name="성능 테스트 › 대량 데이터 렌더링 성능" classname="performance.spec.ts" time="2.388">
</testcase>
<testcase name="성능 테스트 › 검색 성능" classname="performance.spec.ts" time="6.685">
<failure message="performance.spec.ts:59:3 검색 성능" type="FAILURE">
<![CDATA[  [webkit] › performance.spec.ts:59:3 › 성능 테스트 › 검색 성능 ─────────────────────────────────────────────

    Error: expect(received).toBeLessThan(expected)

    Expected: < 2000
    Received:   2799

      82 |     
      83 |     // 검색은 2초 이내 완료 (현실적인 임계값)
    > 84 |     expect(searchTime).toBeLessThan(2000);
         |                        ^
      85 |   });
      86 |
      87 |   test('필터링 성능', async ({ page }) => {
        at D:\study\viveCoding\hanbit-vibecoding-test\apps\client\e2e\performance.spec.ts:84:24

    attachment #1: screenshot (image/png) ──────────────────────────────────────────────────────────
    ..\test-results\performance-성능-테스트-검색-성능-webkit\test-failed-1.png
    ────────────────────────────────────────────────────────────────────────────────────────────────

    attachment #2: video (video/webm) ──────────────────────────────────────────────────────────────
    ..\test-results\performance-성능-테스트-검색-성능-webkit\video.webm
    ────────────────────────────────────────────────────────────────────────────────────────────────

    Error Context: ..\test-results\performance-성능-테스트-검색-성능-webkit\error-context.md
]]>
</failure>
<system-out>
<![CDATA[
[[ATTACHMENT|test-results\performance-성능-테스트-검색-성능-webkit\test-failed-1.png]]

[[ATTACHMENT|test-results\performance-성능-테스트-검색-성능-webkit\video.webm]]

[[ATTACHMENT|test-results\performance-성능-테스트-검색-성능-webkit\error-context.md]]
]]>
</system-out>
</testcase>
<testcase name="성능 테스트 › 필터링 성능" classname="performance.spec.ts" time="5.724">
<failure message="performance.spec.ts:87:3 필터링 성능" type="FAILURE">
<![CDATA[  [webkit] › performance.spec.ts:87:3 › 성능 테스트 › 필터링 성능 ────────────────────────────────────────────

    Error: expect(received).toBeLessThan(expected)

    Expected: < 500
    Received:   3516

      107 |     
      108 |     // 필터링은 500ms 이내 완료
    > 109 |     expect(filterTime).toBeLessThan(500);
          |                        ^
      110 |   });
      111 |
      112 |   test('메모리 사용량 모니터링', async ({ page }) => {
        at D:\study\viveCoding\hanbit-vibecoding-test\apps\client\e2e\performance.spec.ts:109:24

    attachment #1: screenshot (image/png) ──────────────────────────────────────────────────────────
    ..\test-results\performance-성능-테스트-필터링-성능-webkit\test-failed-1.png
    ────────────────────────────────────────────────────────────────────────────────────────────────

    attachment #2: video (video/webm) ──────────────────────────────────────────────────────────────
    ..\test-results\performance-성능-테스트-필터링-성능-webkit\video.webm
    ────────────────────────────────────────────────────────────────────────────────────────────────

    Error Context: ..\test-results\performance-성능-테스트-필터링-성능-webkit\error-context.md
]]>
</failure>
<system-out>
<![CDATA[
[[ATTACHMENT|test-results\performance-성능-테스트-필터링-성능-webkit\test-failed-1.png]]

[[ATTACHMENT|test-results\performance-성능-테스트-필터링-성능-webkit\video.webm]]

[[ATTACHMENT|test-results\performance-성능-테스트-필터링-성능-webkit\error-context.md]]
]]>
</system-out>
</testcase>
<testcase name="성능 테스트 › 메모리 사용량 모니터링" classname="performance.spec.ts" time="11.741">
<failure message="performance.spec.ts:112:3 메모리 사용량 모니터링" type="FAILURE">
<![CDATA[  [webkit] › performance.spec.ts:112:3 › 성능 테스트 › 메모리 사용량 모니터링 ─────────────────────────────────────

    TimeoutError: locator.click: Timeout 10000ms exceeded.
    Call log:
      - waiting for locator('[value="medium"]')


       at page-objects\todo-page.ts:81

      79 |     // 우선순위 선택 (Select 컴포넌트 구조에 맞게 수정)
      80 |     await this.prioritySelect.click();
    > 81 |     await this.page.locator(`[value="${priority}"]`).click();
         |                                                      ^
      82 |     
      83 |     // 추가 버튼 클릭
      84 |     await this.addButton.click();
        at TodoPage.addTodo (D:\study\viveCoding\hanbit-vibecoding-test\apps\client\e2e\page-objects\todo-page.ts:81:54)
        at D:\study\viveCoding\hanbit-vibecoding-test\apps\client\e2e\performance.spec.ts:126:7

    attachment #1: screenshot (image/png) ──────────────────────────────────────────────────────────
    ..\test-results\performance-성능-테스트-메모리-사용량-모니터링-webkit\test-failed-1.png
    ────────────────────────────────────────────────────────────────────────────────────────────────

    attachment #2: video (video/webm) ──────────────────────────────────────────────────────────────
    ..\test-results\performance-성능-테스트-메모리-사용량-모니터링-webkit\video.webm
    ────────────────────────────────────────────────────────────────────────────────────────────────

    Error Context: ..\test-results\performance-성능-테스트-메모리-사용량-모니터링-webkit\error-context.md
]]>
</failure>
<system-out>
<![CDATA[
[[ATTACHMENT|test-results\performance-성능-테스트-메모리-사용량-모니터링-webkit\test-failed-1.png]]

[[ATTACHMENT|test-results\performance-성능-테스트-메모리-사용량-모니터링-webkit\video.webm]]

[[ATTACHMENT|test-results\performance-성능-테스트-메모리-사용량-모니터링-webkit\error-context.md]]
]]>
</system-out>
</testcase>
<testcase name="성능 테스트 › 네트워크 요청 최적화" classname="performance.spec.ts" time="1.205">
<system-out>
<![CDATA[네트워크 요청 수: [33m42[39m
정적 자산 요청 수: [33m20[39m
]]>
</system-out>
</testcase>
</testsuite>
<testsuite name="todo-app.spec.ts" timestamp="2025-07-27T09:53:28.072Z" hostname="webkit" tests="5" failures="2" skipped="0" time="28.297" errors="0">
<testcase name="TODO 앱 핵심 기능 테스트 › 애플리케이션이 성공적으로 로드되어야 함" classname="todo-app.spec.ts" time="1.242">
</testcase>
<testcase name="TODO 앱 핵심 기능 테스트 › 초기 통계가 올바르게 표시되어야 함" classname="todo-app.spec.ts" time="1.337">
</testcase>
<testcase name="TODO 앱 핵심 기능 테스트 › 새로운 할 일을 추가할 수 있어야 함" classname="todo-app.spec.ts" time="11.975">
<failure message="todo-app.spec.ts:35:3 새로운 할 일을 추가할 수 있어야 함" type="FAILURE">
<![CDATA[  [webkit] › todo-app.spec.ts:35:3 › TODO 앱 핵심 기능 테스트 › 새로운 할 일을 추가할 수 있어야 함 ───────────────────────

    TimeoutError: locator.click: Timeout 10000ms exceeded.
    Call log:
      - waiting for locator('[value="medium"]')


       at page-objects\todo-page.ts:81

      79 |     // 우선순위 선택 (Select 컴포넌트 구조에 맞게 수정)
      80 |     await this.prioritySelect.click();
    > 81 |     await this.page.locator(`[value="${priority}"]`).click();
         |                                                      ^
      82 |     
      83 |     // 추가 버튼 클릭
      84 |     await this.addButton.click();
        at TodoPage.addTodo (D:\study\viveCoding\hanbit-vibecoding-test\apps\client\e2e\page-objects\todo-page.ts:81:54)
        at D:\study\viveCoding\hanbit-vibecoding-test\apps\client\e2e\todo-app.spec.ts:38:5

    attachment #1: screenshot (image/png) ──────────────────────────────────────────────────────────
    ..\test-results\todo-app-TODO-앱-핵심-기능-테스트-새로운-할-일을-추가할-수-있어야-함-webkit\test-failed-1.png
    ────────────────────────────────────────────────────────────────────────────────────────────────

    attachment #2: video (video/webm) ──────────────────────────────────────────────────────────────
    ..\test-results\todo-app-TODO-앱-핵심-기능-테스트-새로운-할-일을-추가할-수-있어야-함-webkit\video.webm
    ────────────────────────────────────────────────────────────────────────────────────────────────

    Error Context: ..\test-results\todo-app-TODO-앱-핵심-기능-테스트-새로운-할-일을-추가할-수-있어야-함-webkit\error-context.md
]]>
</failure>
<system-out>
<![CDATA[
[[ATTACHMENT|test-results\todo-app-TODO-앱-핵심-기능-테스트-새로운-할-일을-추가할-수-있어야-함-webkit\test-failed-1.png]]

[[ATTACHMENT|test-results\todo-app-TODO-앱-핵심-기능-테스트-새로운-할-일을-추가할-수-있어야-함-webkit\video.webm]]

[[ATTACHMENT|test-results\todo-app-TODO-앱-핵심-기능-테스트-새로운-할-일을-추가할-수-있어야-함-webkit\error-context.md]]
]]>
</system-out>
</testcase>
<testcase name="TODO 앱 핵심 기능 테스트 › 다양한 우선순위로 할 일을 추가할 수 있어야 함" classname="todo-app.spec.ts" time="11.838">
<failure message="todo-app.spec.ts:52:3 다양한 우선순위로 할 일을 추가할 수 있어야 함" type="FAILURE">
<![CDATA[  [webkit] › todo-app.spec.ts:52:3 › TODO 앱 핵심 기능 테스트 › 다양한 우선순위로 할 일을 추가할 수 있어야 함 ─────────────────

    TimeoutError: locator.click: Timeout 10000ms exceeded.
    Call log:
      - waiting for locator('[value="high"]')


       at page-objects\todo-page.ts:81

      79 |     // 우선순위 선택 (Select 컴포넌트 구조에 맞게 수정)
      80 |     await this.prioritySelect.click();
    > 81 |     await this.page.locator(`[value="${priority}"]`).click();
         |                                                      ^
      82 |     
      83 |     // 추가 버튼 클릭
      84 |     await this.addButton.click();
        at TodoPage.addTodo (D:\study\viveCoding\hanbit-vibecoding-test\apps\client\e2e\page-objects\todo-page.ts:81:54)
        at D:\study\viveCoding\hanbit-vibecoding-test\apps\client\e2e\todo-app.spec.ts:53:5

    attachment #1: screenshot (image/png) ──────────────────────────────────────────────────────────
    ..\test-results\todo-app-TODO-앱-핵심-기능-테스트-다양한-우선순위로-할-일을-추가할-수-있어야-함-webkit\test-failed-1.png
    ────────────────────────────────────────────────────────────────────────────────────────────────

    attachment #2: video (video/webm) ──────────────────────────────────────────────────────────────
    ..\test-results\todo-app-TODO-앱-핵심-기능-테스트-다양한-우선순위로-할-일을-추가할-수-있어야-함-webkit\video.webm
    ────────────────────────────────────────────────────────────────────────────────────────────────

    Error Context: ..\test-results\todo-app-TODO-앱-핵심-기능-테스트-다양한-우선순위로-할-일을-추가할-수-있어야-함-webkit\error-context.md
]]>
</failure>
<system-out>
<![CDATA[
[[ATTACHMENT|test-results\todo-app-TODO-앱-핵심-기능-테스트-다양한-우선순위로-할-일을-추가할-수-있어야-함-webkit\test-failed-1.png]]

[[ATTACHMENT|test-results\todo-app-TODO-앱-핵심-기능-테스트-다양한-우선순위로-할-일을-추가할-수-있어야-함-webkit\video.webm]]

[[ATTACHMENT|test-results\todo-app-TODO-앱-핵심-기능-테스트-다양한-우선순위로-할-일을-추가할-수-있어야-함-webkit\error-context.md]]
]]>
</system-out>
</testcase>
<testcase name="TODO 앱 핵심 기능 테스트 › 빈 제목으로는 할 일을 추가할 수 없어야 함" classname="todo-app.spec.ts" time="1.905">
</testcase>
</testsuite>
<testsuite name="performance.spec.ts" timestamp="2025-07-27T09:53:28.072Z" hostname="Mobile Chrome" tests="6" failures="3" skipped="0" time="40.433" errors="0">
<testcase name="성능 테스트 › 초기 페이지 로드 성능" classname="performance.spec.ts" time="1.012">
<system-out>
<![CDATA[성능 메트릭: {
  domContentLoaded: [33m0[39m,
  loadComplete: [33m0[39m,
  firstPaint: [33m144[39m,
  firstContentfulPaint: [33m248[39m,
  networkTime: [33m2.299999952316284[39m
}
]]>
</system-out>
</testcase>
<testcase name="성능 테스트 › 대량 데이터 렌더링 성능" classname="performance.spec.ts" time="1.589">
</testcase>
<testcase name="성능 테스트 › 검색 성능" classname="performance.spec.ts" time="13.59">
<failure message="performance.spec.ts:59:3 검색 성능" type="FAILURE">
<![CDATA[  [Mobile Chrome] › performance.spec.ts:59:3 › 성능 테스트 › 검색 성능 ──────────────────────────────────────

    TimeoutError: locator.fill: Timeout 10000ms exceeded.
    Call log:
      - waiting for locator('[data-testid="search-input"]')
        - locator resolved to <input value="" type="text" data-slot="input" placeholder="할 일 검색..." data-testid="search-input" class="file:text-foreground placeholder:text-muted-foreground selection:bg-primary selection:text-primary-foreground dark:bg-input/30 flex h-9 w-full min-w-0 rounded-md border px-3 py-1 text-base shadow-xs transition-[color,box-shadow] outline-none file:inline-flex file:h-7 file:border-0 file:bg-transparent file:text-sm file:font-medium disabled:pointer-events-none disabled:cursor-not-allowed disabled:opa…/>
        - fill("성능")
      - attempting fill action
        2 × waiting for element to be visible, enabled and editable
          - element is not visible
        - retrying fill action
        - waiting 20ms
        2 × waiting for element to be visible, enabled and editable
          - element is not visible
        - retrying fill action
          - waiting 100ms
        18 × waiting for element to be visible, enabled and editable
           - element is not visible
         - retrying fill action
           - waiting 500ms


       at page-objects\todo-page.ts:188

      186 |    */
      187 |   async search(query: string) {
    > 188 |     await this.searchInput.fill(query);
          |                            ^
      189 |     await this.page.waitForTimeout(300); // 검색 디바운싱 대기
      190 |   }
      191 |
        at TodoPage.search (D:\study\viveCoding\hanbit-vibecoding-test\apps\client\e2e\page-objects\todo-page.ts:188:28)
        at D:\study\viveCoding\hanbit-vibecoding-test\apps\client\e2e\performance.spec.ts:76:20

    attachment #1: screenshot (image/png) ──────────────────────────────────────────────────────────
    ..\test-results\performance-성능-테스트-검색-성능-Mobile-Chrome\test-failed-1.png
    ────────────────────────────────────────────────────────────────────────────────────────────────

    attachment #2: video (video/webm) ──────────────────────────────────────────────────────────────
    ..\test-results\performance-성능-테스트-검색-성능-Mobile-Chrome\video.webm
    ────────────────────────────────────────────────────────────────────────────────────────────────

    Error Context: ..\test-results\performance-성능-테스트-검색-성능-Mobile-Chrome\error-context.md
]]>
</failure>
<system-out>
<![CDATA[
[[ATTACHMENT|test-results\performance-성능-테스트-검색-성능-Mobile-Chrome\test-failed-1.png]]

[[ATTACHMENT|test-results\performance-성능-테스트-검색-성능-Mobile-Chrome\video.webm]]

[[ATTACHMENT|test-results\performance-성능-테스트-검색-성능-Mobile-Chrome\error-context.md]]
]]>
</system-out>
</testcase>
<testcase name="성능 테스트 › 필터링 성능" classname="performance.spec.ts" time="12.196">
<failure message="performance.spec.ts:87:3 필터링 성능" type="FAILURE">
<![CDATA[  [Mobile Chrome] › performance.spec.ts:87:3 › 성능 테스트 › 필터링 성능 ─────────────────────────────────────

    TimeoutError: locator.click: Timeout 10000ms exceeded.
    Call log:
      - waiting for locator('[data-testid="filter-completed"]')
        - locator resolved to <button data-slot="button" data-testid="filter-completed" class="inline-flex items-center justify-center gap-2 whitespace-nowrap rounded-md text-sm font-medium disabled:pointer-events-none disabled:opacity-50 [&_svg]:pointer-events-none [&_svg:not([class*='size-'])]:size-4 shrink-0 [&_svg]:shrink-0 outline-none focus-visible:border-ring focus-visible:ring-ring/50 focus-visible:ring-[3px] aria-invalid:ring-destructive/20 dark:aria-invalid:ring-destructive/40 aria-invalid:border-destructive border bg-ba…>…</button>
      - attempting click action
        2 × waiting for element to be visible, enabled and stable
          - element is not visible
        - retrying click action
        - waiting 20ms
        2 × waiting for element to be visible, enabled and stable
          - element is not visible
        - retrying click action
          - waiting 100ms
        18 × waiting for element to be visible, enabled and stable
           - element is not visible
         - retrying click action
           - waiting 500ms


       at page-objects\todo-page.ts:160

      158 |   async applyFilter(filterType: FilterType) {
      159 |     const filterButton = this.page.locator(`[data-testid="filter-${filterType}"]`);
    > 160 |     await filterButton.click();
          |                        ^
      161 |     
      162 |     // 필터 적용이 완료될 때까지 대기
      163 |     await this.page.waitForTimeout(300);
        at TodoPage.applyFilter (D:\study\viveCoding\hanbit-vibecoding-test\apps\client\e2e\page-objects\todo-page.ts:160:24)
        at D:\study\viveCoding\hanbit-vibecoding-test\apps\client\e2e\performance.spec.ts:102:20

    attachment #1: screenshot (image/png) ──────────────────────────────────────────────────────────
    ..\test-results\performance-성능-테스트-필터링-성능-Mobile-Chrome\test-failed-1.png
    ────────────────────────────────────────────────────────────────────────────────────────────────

    attachment #2: video (video/webm) ──────────────────────────────────────────────────────────────
    ..\test-results\performance-성능-테스트-필터링-성능-Mobile-Chrome\video.webm
    ────────────────────────────────────────────────────────────────────────────────────────────────

    Error Context: ..\test-results\performance-성능-테스트-필터링-성능-Mobile-Chrome\error-context.md
]]>
</failure>
<system-out>
<![CDATA[
[[ATTACHMENT|test-results\performance-성능-테스트-필터링-성능-Mobile-Chrome\test-failed-1.png]]

[[ATTACHMENT|test-results\performance-성능-테스트-필터링-성능-Mobile-Chrome\video.webm]]

[[ATTACHMENT|test-results\performance-성능-테스트-필터링-성능-Mobile-Chrome\error-context.md]]
]]>
</system-out>
</testcase>
<testcase name="성능 테스트 › 메모리 사용량 모니터링" classname="performance.spec.ts" time="11.074">
<failure message="performance.spec.ts:112:3 메모리 사용량 모니터링" type="FAILURE">
<![CDATA[  [Mobile Chrome] › performance.spec.ts:112:3 › 성능 테스트 › 메모리 사용량 모니터링 ──────────────────────────────

    TimeoutError: locator.fill: Timeout 10000ms exceeded.
    Call log:
      - waiting for locator('[data-testid="todo-input"]').first()
        - locator resolved to <input value="" type="text" data-slot="input" data-testid="todo-input" placeholder="새로운 할 일을 입력하세요..." class="file:text-foreground placeholder:text-muted-foreground selection:bg-primary selection:text-primary-foreground dark:bg-input/30 border-input flex h-9 w-full min-w-0 rounded-md border bg-transparent px-3 py-1 text-base shadow-xs transition-[color,box-shadow] outline-none file:inline-flex file:h-7 file:border-0 file:bg-transparent file:text-sm file:font-medium disabled:pointer-events-none disabl…/>
        - fill("메모리 테스트 0")
      - attempting fill action
        2 × waiting for element to be visible, enabled and editable
          - element is not visible
        - retrying fill action
        - waiting 20ms
        2 × waiting for element to be visible, enabled and editable
          - element is not visible
        - retrying fill action
          - waiting 100ms
        20 × waiting for element to be visible, enabled and editable
           - element is not visible
         - retrying fill action
           - waiting 500ms


       at page-objects\todo-page.ts:77

      75 |     }
      76 |
    > 77 |     await this.todoInput.fill(title);
         |                          ^
      78 |     
      79 |     // 우선순위 선택 (Select 컴포넌트 구조에 맞게 수정)
      80 |     await this.prioritySelect.click();
        at TodoPage.addTodo (D:\study\viveCoding\hanbit-vibecoding-test\apps\client\e2e\page-objects\todo-page.ts:77:26)
        at D:\study\viveCoding\hanbit-vibecoding-test\apps\client\e2e\performance.spec.ts:126:22

    attachment #1: screenshot (image/png) ──────────────────────────────────────────────────────────
    ..\test-results\performance-성능-테스트-메모리-사용량-모니터링-Mobile-Chrome\test-failed-1.png
    ────────────────────────────────────────────────────────────────────────────────────────────────

    attachment #2: video (video/webm) ──────────────────────────────────────────────────────────────
    ..\test-results\performance-성능-테스트-메모리-사용량-모니터링-Mobile-Chrome\video.webm
    ────────────────────────────────────────────────────────────────────────────────────────────────

    Error Context: ..\test-results\performance-성능-테스트-메모리-사용량-모니터링-Mobile-Chrome\error-context.md
]]>
</failure>
<system-out>
<![CDATA[
[[ATTACHMENT|test-results\performance-성능-테스트-메모리-사용량-모니터링-Mobile-Chrome\test-failed-1.png]]

[[ATTACHMENT|test-results\performance-성능-테스트-메모리-사용량-모니터링-Mobile-Chrome\video.webm]]

[[ATTACHMENT|test-results\performance-성능-테스트-메모리-사용량-모니터링-Mobile-Chrome\error-context.md]]
]]>
</system-out>
</testcase>
<testcase name="성능 테스트 › 네트워크 요청 최적화" classname="performance.spec.ts" time="0.972">
<system-out>
<![CDATA[네트워크 요청 수: [33m42[39m
정적 자산 요청 수: [33m20[39m
]]>
</system-out>
</testcase>
</testsuite>
<testsuite name="todo-app.spec.ts" timestamp="2025-07-27T09:53:28.072Z" hostname="Mobile Chrome" tests="5" failures="3" skipped="0" time="35.138" errors="0">
<testcase name="TODO 앱 핵심 기능 테스트 › 애플리케이션이 성공적으로 로드되어야 함" classname="todo-app.spec.ts" time="0.935">
</testcase>
<testcase name="TODO 앱 핵심 기능 테스트 › 초기 통계가 올바르게 표시되어야 함" classname="todo-app.spec.ts" time="0.966">
</testcase>
<testcase name="TODO 앱 핵심 기능 테스트 › 새로운 할 일을 추가할 수 있어야 함" classname="todo-app.spec.ts" time="11.11">
<failure message="todo-app.spec.ts:35:3 새로운 할 일을 추가할 수 있어야 함" type="FAILURE">
<![CDATA[  [Mobile Chrome] › todo-app.spec.ts:35:3 › TODO 앱 핵심 기능 테스트 › 새로운 할 일을 추가할 수 있어야 함 ────────────────

    TimeoutError: locator.fill: Timeout 10000ms exceeded.
    Call log:
      - waiting for locator('[data-testid="todo-input"]').first()
        - locator resolved to <input value="" type="text" data-slot="input" data-testid="todo-input" placeholder="새로운 할 일을 입력하세요..." class="file:text-foreground placeholder:text-muted-foreground selection:bg-primary selection:text-primary-foreground dark:bg-input/30 border-input flex h-9 w-full min-w-0 rounded-md border bg-transparent px-3 py-1 text-base shadow-xs transition-[color,box-shadow] outline-none file:inline-flex file:h-7 file:border-0 file:bg-transparent file:text-sm file:font-medium disabled:pointer-events-none disabl…/>
        - fill("첫 번째 할 일")
      - attempting fill action
        2 × waiting for element to be visible, enabled and editable
          - element is not visible
        - retrying fill action
        - waiting 20ms
        2 × waiting for element to be visible, enabled and editable
          - element is not visible
        - retrying fill action
          - waiting 100ms
        20 × waiting for element to be visible, enabled and editable
           - element is not visible
         - retrying fill action
           - waiting 500ms


       at page-objects\todo-page.ts:77

      75 |     }
      76 |
    > 77 |     await this.todoInput.fill(title);
         |                          ^
      78 |     
      79 |     // 우선순위 선택 (Select 컴포넌트 구조에 맞게 수정)
      80 |     await this.prioritySelect.click();
        at TodoPage.addTodo (D:\study\viveCoding\hanbit-vibecoding-test\apps\client\e2e\page-objects\todo-page.ts:77:26)
        at D:\study\viveCoding\hanbit-vibecoding-test\apps\client\e2e\todo-app.spec.ts:38:20

    attachment #1: screenshot (image/png) ──────────────────────────────────────────────────────────
    ..\test-results\todo-app-TODO-앱-핵심-기능-테스트-새로운-할-일을-추가할-수-있어야-함-Mobile-Chrome\test-failed-1.png
    ────────────────────────────────────────────────────────────────────────────────────────────────

    attachment #2: video (video/webm) ──────────────────────────────────────────────────────────────
    ..\test-results\todo-app-TODO-앱-핵심-기능-테스트-새로운-할-일을-추가할-수-있어야-함-Mobile-Chrome\video.webm
    ────────────────────────────────────────────────────────────────────────────────────────────────

    Error Context: ..\test-results\todo-app-TODO-앱-핵심-기능-테스트-새로운-할-일을-추가할-수-있어야-함-Mobile-Chrome\error-context.md
]]>
</failure>
<system-out>
<![CDATA[
[[ATTACHMENT|test-results\todo-app-TODO-앱-핵심-기능-테스트-새로운-할-일을-추가할-수-있어야-함-Mobile-Chrome\test-failed-1.png]]

[[ATTACHMENT|test-results\todo-app-TODO-앱-핵심-기능-테스트-새로운-할-일을-추가할-수-있어야-함-Mobile-Chrome\video.webm]]

[[ATTACHMENT|test-results\todo-app-TODO-앱-핵심-기능-테스트-새로운-할-일을-추가할-수-있어야-함-Mobile-Chrome\error-context.md]]
]]>
</system-out>
</testcase>
<testcase name="TODO 앱 핵심 기능 테스트 › 다양한 우선순위로 할 일을 추가할 수 있어야 함" classname="todo-app.spec.ts" time="11.009">
<failure message="todo-app.spec.ts:52:3 다양한 우선순위로 할 일을 추가할 수 있어야 함" type="FAILURE">
<![CDATA[  [Mobile Chrome] › todo-app.spec.ts:52:3 › TODO 앱 핵심 기능 테스트 › 다양한 우선순위로 할 일을 추가할 수 있어야 함 ──────────

    TimeoutError: locator.fill: Timeout 10000ms exceeded.
    Call log:
      - waiting for locator('[data-testid="todo-input"]').first()
        - locator resolved to <input value="" type="text" data-slot="input" data-testid="todo-input" placeholder="새로운 할 일을 입력하세요..." class="file:text-foreground placeholder:text-muted-foreground selection:bg-primary selection:text-primary-foreground dark:bg-input/30 border-input flex h-9 w-full min-w-0 rounded-md border bg-transparent px-3 py-1 text-base shadow-xs transition-[color,box-shadow] outline-none file:inline-flex file:h-7 file:border-0 file:bg-transparent file:text-sm file:font-medium disabled:pointer-events-none disabl…/>
        - fill("긴급한 할 일")
      - attempting fill action
        2 × waiting for element to be visible, enabled and editable
          - element is not visible
        - retrying fill action
        - waiting 20ms
        2 × waiting for element to be visible, enabled and editable
          - element is not visible
        - retrying fill action
          - waiting 100ms
        20 × waiting for element to be visible, enabled and editable
           - element is not visible
         - retrying fill action
           - waiting 500ms


       at page-objects\todo-page.ts:77

      75 |     }
      76 |
    > 77 |     await this.todoInput.fill(title);
         |                          ^
      78 |     
      79 |     // 우선순위 선택 (Select 컴포넌트 구조에 맞게 수정)
      80 |     await this.prioritySelect.click();
        at TodoPage.addTodo (D:\study\viveCoding\hanbit-vibecoding-test\apps\client\e2e\page-objects\todo-page.ts:77:26)
        at D:\study\viveCoding\hanbit-vibecoding-test\apps\client\e2e\todo-app.spec.ts:53:20

    attachment #1: screenshot (image/png) ──────────────────────────────────────────────────────────
    ..\test-results\todo-app-TODO-앱-핵심-기능-테스트-다양한-우선순위로-할-일을-추가할-수-있어야-함-Mobile-Chrome\test-failed-1.png
    ────────────────────────────────────────────────────────────────────────────────────────────────

    attachment #2: video (video/webm) ──────────────────────────────────────────────────────────────
    ..\test-results\todo-app-TODO-앱-핵심-기능-테스트-다양한-우선순위로-할-일을-추가할-수-있어야-함-Mobile-Chrome\video.webm
    ────────────────────────────────────────────────────────────────────────────────────────────────

    Error Context: ..\test-results\todo-app-TODO-앱-핵심-기능-테스트-다양한-우선순위로-할-일을-추가할-수-있어야-함-Mobile-Chrome\error-context.md
]]>
</failure>
<system-out>
<![CDATA[
[[ATTACHMENT|test-results\todo-app-TODO-앱-핵심-기능-테스트-다양한-우선순위로-할-일을-추가할-수-있어야-함-Mobile-Chrome\test-failed-1.png]]

[[ATTACHMENT|test-results\todo-app-TODO-앱-핵심-기능-테스트-다양한-우선순위로-할-일을-추가할-수-있어야-함-Mobile-Chrome\video.webm]]

[[ATTACHMENT|test-results\todo-app-TODO-앱-핵심-기능-테스트-다양한-우선순위로-할-일을-추가할-수-있어야-함-Mobile-Chrome\error-context.md]]
]]>
</system-out>
</testcase>
<testcase name="TODO 앱 핵심 기능 테스트 › 빈 제목으로는 할 일을 추가할 수 없어야 함" classname="todo-app.spec.ts" time="11.118">
<failure message="todo-app.spec.ts:63:3 빈 제목으로는 할 일을 추가할 수 없어야 함" type="FAILURE">
<![CDATA[  [Mobile Chrome] › todo-app.spec.ts:63:3 › TODO 앱 핵심 기능 테스트 › 빈 제목으로는 할 일을 추가할 수 없어야 함 ────────────

    TimeoutError: locator.fill: Timeout 10000ms exceeded.
    Call log:
      - waiting for locator('[data-testid="todo-input"]').first()
        - locator resolved to <input value="" type="text" data-slot="input" data-testid="todo-input" placeholder="새로운 할 일을 입력하세요..." class="file:text-foreground placeholder:text-muted-foreground selection:bg-primary selection:text-primary-foreground dark:bg-input/30 border-input flex h-9 w-full min-w-0 rounded-md border bg-transparent px-3 py-1 text-base shadow-xs transition-[color,box-shadow] outline-none file:inline-flex file:h-7 file:border-0 file:bg-transparent file:text-sm file:font-medium disabled:pointer-events-none disabl…/>
        - fill("")
      - attempting fill action
        2 × waiting for element to be visible, enabled and editable
          - element is not visible
        - retrying fill action
        - waiting 20ms
        2 × waiting for element to be visible, enabled and editable
          - element is not visible
        - retrying fill action
          - waiting 100ms
        20 × waiting for element to be visible, enabled and editable
           - element is not visible
         - retrying fill action
           - waiting 500ms


       at page-objects\todo-page.ts:72

      70 |     if (!title.trim()) {
      71 |       // 빈 제목인 경우 그냥 시도만 하고 리턴
    > 72 |       await this.todoInput.fill('');
         |                            ^
      73 |       await this.addButton.click();
      74 |       return;
      75 |     }
        at TodoPage.addTodo (D:\study\viveCoding\hanbit-vibecoding-test\apps\client\e2e\page-objects\todo-page.ts:72:28)
        at D:\study\viveCoding\hanbit-vibecoding-test\apps\client\e2e\todo-app.spec.ts:64:20

    attachment #1: screenshot (image/png) ──────────────────────────────────────────────────────────
    ..\test-results\todo-app-TODO-앱-핵심-기능-테스트-빈-제목으로는-할-일을-추가할-수-없어야-함-Mobile-Chrome\test-failed-1.png
    ────────────────────────────────────────────────────────────────────────────────────────────────

    attachment #2: video (video/webm) ──────────────────────────────────────────────────────────────
    ..\test-results\todo-app-TODO-앱-핵심-기능-테스트-빈-제목으로는-할-일을-추가할-수-없어야-함-Mobile-Chrome\video.webm
    ────────────────────────────────────────────────────────────────────────────────────────────────

    Error Context: ..\test-results\todo-app-TODO-앱-핵심-기능-테스트-빈-제목으로는-할-일을-추가할-수-없어야-함-Mobile-Chrome\error-context.md
]]>
</failure>
<system-out>
<![CDATA[
[[ATTACHMENT|test-results\todo-app-TODO-앱-핵심-기능-테스트-빈-제목으로는-할-일을-추가할-수-없어야-함-Mobile-Chrome\test-failed-1.png]]

[[ATTACHMENT|test-results\todo-app-TODO-앱-핵심-기능-테스트-빈-제목으로는-할-일을-추가할-수-없어야-함-Mobile-Chrome\video.webm]]

[[ATTACHMENT|test-results\todo-app-TODO-앱-핵심-기능-테스트-빈-제목으로는-할-일을-추가할-수-없어야-함-Mobile-Chrome\error-context.md]]
]]>
</system-out>
</testcase>
</testsuite>
<testsuite name="performance.spec.ts" timestamp="2025-07-27T09:53:28.072Z" hostname="Mobile Safari" tests="6" failures="3" skipped="0" time="40.335" errors="0">
<testcase name="성능 테스트 › 초기 페이지 로드 성능" classname="performance.spec.ts" time="0.945">
<system-out>
<![CDATA[성능 메트릭: {
  domContentLoaded: [33m0[39m,
  loadComplete: [33m0[39m,
  firstPaint: [33m0[39m,
  firstContentfulPaint: [33m218[39m,
  networkTime: [33m2[39m
}
]]>
</system-out>
</testcase>
<testcase name="성능 테스트 › 대량 데이터 렌더링 성능" classname="performance.spec.ts" time="1.901">
</testcase>
<testcase name="성능 테스트 › 검색 성능" classname="performance.spec.ts" time="13.117">
<failure message="performance.spec.ts:59:3 검색 성능" type="FAILURE">
<![CDATA[  [Mobile Safari] › performance.spec.ts:59:3 › 성능 테스트 › 검색 성능 ──────────────────────────────────────

    TimeoutError: locator.fill: Timeout 10000ms exceeded.
    Call log:
      - waiting for locator('[data-testid="search-input"]')
        - locator resolved to <input value="" type="text" data-slot="input" placeholder="할 일 검색..." data-testid="search-input" class="file:text-foreground placeholder:text-muted-foreground selection:bg-primary selection:text-primary-foreground dark:bg-input/30 flex h-9 w-full min-w-0 rounded-md border px-3 py-1 text-base shadow-xs transition-[color,box-shadow] outline-none file:inline-flex file:h-7 file:border-0 file:bg-transparent file:text-sm file:font-medium disabled:pointer-events-none disabled:cursor-not-allowed disabled:opa…/>
        - fill("성능")
      - attempting fill action
        2 × waiting for element to be visible, enabled and editable
          - element is not visible
        - retrying fill action
        - waiting 20ms
        2 × waiting for element to be visible, enabled and editable
          - element is not visible
        - retrying fill action
          - waiting 100ms
        13 × waiting for element to be visible, enabled and editable
           - element is not visible
         - retrying fill action
           - waiting 500ms


       at page-objects\todo-page.ts:188

      186 |    */
      187 |   async search(query: string) {
    > 188 |     await this.searchInput.fill(query);
          |                            ^
      189 |     await this.page.waitForTimeout(300); // 검색 디바운싱 대기
      190 |   }
      191 |
        at TodoPage.search (D:\study\viveCoding\hanbit-vibecoding-test\apps\client\e2e\page-objects\todo-page.ts:188:28)
        at D:\study\viveCoding\hanbit-vibecoding-test\apps\client\e2e\performance.spec.ts:76:20

    attachment #1: screenshot (image/png) ──────────────────────────────────────────────────────────
    ..\test-results\performance-성능-테스트-검색-성능-Mobile-Safari\test-failed-1.png
    ────────────────────────────────────────────────────────────────────────────────────────────────

    attachment #2: video (video/webm) ──────────────────────────────────────────────────────────────
    ..\test-results\performance-성능-테스트-검색-성능-Mobile-Safari\video.webm
    ────────────────────────────────────────────────────────────────────────────────────────────────

    Error Context: ..\test-results\performance-성능-테스트-검색-성능-Mobile-Safari\error-context.md
]]>
</failure>
<system-out>
<![CDATA[
[[ATTACHMENT|test-results\performance-성능-테스트-검색-성능-Mobile-Safari\test-failed-1.png]]

[[ATTACHMENT|test-results\performance-성능-테스트-검색-성능-Mobile-Safari\video.webm]]

[[ATTACHMENT|test-results\performance-성능-테스트-검색-성능-Mobile-Safari\error-context.md]]
]]>
</system-out>
</testcase>
<testcase name="성능 테스트 › 필터링 성능" classname="performance.spec.ts" time="12.409">
<failure message="performance.spec.ts:87:3 필터링 성능" type="FAILURE">
<![CDATA[  [Mobile Safari] › performance.spec.ts:87:3 › 성능 테스트 › 필터링 성능 ─────────────────────────────────────

    TimeoutError: locator.click: Timeout 10000ms exceeded.
    Call log:
      - waiting for locator('[data-testid="filter-completed"]')
        - locator resolved to <button data-slot="button" data-testid="filter-completed" class="inline-flex items-center justify-center gap-2 whitespace-nowrap rounded-md text-sm font-medium disabled:pointer-events-none disabled:opacity-50 [&_svg]:pointer-events-none [&_svg:not([class*='size-'])]:size-4 shrink-0 [&_svg]:shrink-0 outline-none focus-visible:border-ring focus-visible:ring-ring/50 focus-visible:ring-[3px] aria-invalid:ring-destructive/20 dark:aria-invalid:ring-destructive/40 aria-invalid:border-destructive border bg-ba…>…</button>
      - attempting click action
        2 × waiting for element to be visible, enabled and stable
          - element is not visible
        - retrying click action
        - waiting 20ms
        2 × waiting for element to be visible, enabled and stable
          - element is not visible
        - retrying click action
          - waiting 100ms
        7 × waiting for element to be visible, enabled and stable
          - element is not visible
        - retrying click action
          - waiting 500ms
        - waiting for element to be visible, enabled and stable


       at page-objects\todo-page.ts:160

      158 |   async applyFilter(filterType: FilterType) {
      159 |     const filterButton = this.page.locator(`[data-testid="filter-${filterType}"]`);
    > 160 |     await filterButton.click();
          |                        ^
      161 |     
      162 |     // 필터 적용이 완료될 때까지 대기
      163 |     await this.page.waitForTimeout(300);
        at TodoPage.applyFilter (D:\study\viveCoding\hanbit-vibecoding-test\apps\client\e2e\page-objects\todo-page.ts:160:24)
        at D:\study\viveCoding\hanbit-vibecoding-test\apps\client\e2e\performance.spec.ts:102:20

    attachment #1: screenshot (image/png) ──────────────────────────────────────────────────────────
    ..\test-results\performance-성능-테스트-필터링-성능-Mobile-Safari\test-failed-1.png
    ────────────────────────────────────────────────────────────────────────────────────────────────

    attachment #2: video (video/webm) ──────────────────────────────────────────────────────────────
    ..\test-results\performance-성능-테스트-필터링-성능-Mobile-Safari\video.webm
    ────────────────────────────────────────────────────────────────────────────────────────────────

    Error Context: ..\test-results\performance-성능-테스트-필터링-성능-Mobile-Safari\error-context.md
]]>
</failure>
<system-out>
<![CDATA[
[[ATTACHMENT|test-results\performance-성능-테스트-필터링-성능-Mobile-Safari\test-failed-1.png]]

[[ATTACHMENT|test-results\performance-성능-테스트-필터링-성능-Mobile-Safari\video.webm]]

[[ATTACHMENT|test-results\performance-성능-테스트-필터링-성능-Mobile-Safari\error-context.md]]
]]>
</system-out>
</testcase>
<testcase name="성능 테스트 › 메모리 사용량 모니터링" classname="performance.spec.ts" time="10.999">
<failure message="performance.spec.ts:112:3 메모리 사용량 모니터링" type="FAILURE">
<![CDATA[  [Mobile Safari] › performance.spec.ts:112:3 › 성능 테스트 › 메모리 사용량 모니터링 ──────────────────────────────

    TimeoutError: locator.fill: Timeout 10000ms exceeded.
    Call log:
      - waiting for locator('[data-testid="todo-input"]').first()
        - locator resolved to <input value="" type="text" data-slot="input" data-testid="todo-input" placeholder="새로운 할 일을 입력하세요..." class="file:text-foreground placeholder:text-muted-foreground selection:bg-primary selection:text-primary-foreground dark:bg-input/30 border-input flex h-9 w-full min-w-0 rounded-md border bg-transparent px-3 py-1 text-base shadow-xs transition-[color,box-shadow] outline-none file:inline-flex file:h-7 file:border-0 file:bg-transparent file:text-sm file:font-medium disabled:pointer-events-none disabl…/>
        - fill("메모리 테스트 0")
      - attempting fill action
        2 × waiting for element to be visible, enabled and editable
          - element is not visible
        - retrying fill action
        - waiting 20ms
        2 × waiting for element to be visible, enabled and editable
          - element is not visible
        - retrying fill action
          - waiting 100ms
        20 × waiting for element to be visible, enabled and editable
           - element is not visible
         - retrying fill action
           - waiting 500ms


       at page-objects\todo-page.ts:77

      75 |     }
      76 |
    > 77 |     await this.todoInput.fill(title);
         |                          ^
      78 |     
      79 |     // 우선순위 선택 (Select 컴포넌트 구조에 맞게 수정)
      80 |     await this.prioritySelect.click();
        at TodoPage.addTodo (D:\study\viveCoding\hanbit-vibecoding-test\apps\client\e2e\page-objects\todo-page.ts:77:26)
        at D:\study\viveCoding\hanbit-vibecoding-test\apps\client\e2e\performance.spec.ts:126:22

    attachment #1: screenshot (image/png) ──────────────────────────────────────────────────────────
    ..\test-results\performance-성능-테스트-메모리-사용량-모니터링-Mobile-Safari\test-failed-1.png
    ────────────────────────────────────────────────────────────────────────────────────────────────

    attachment #2: video (video/webm) ──────────────────────────────────────────────────────────────
    ..\test-results\performance-성능-테스트-메모리-사용량-모니터링-Mobile-Safari\video.webm
    ────────────────────────────────────────────────────────────────────────────────────────────────

    Error Context: ..\test-results\performance-성능-테스트-메모리-사용량-모니터링-Mobile-Safari\error-context.md
]]>
</failure>
<system-out>
<![CDATA[
[[ATTACHMENT|test-results\performance-성능-테스트-메모리-사용량-모니터링-Mobile-Safari\test-failed-1.png]]

[[ATTACHMENT|test-results\performance-성능-테스트-메모리-사용량-모니터링-Mobile-Safari\video.webm]]

[[ATTACHMENT|test-results\performance-성능-테스트-메모리-사용량-모니터링-Mobile-Safari\error-context.md]]
]]>
</system-out>
</testcase>
<testcase name="성능 테스트 › 네트워크 요청 최적화" classname="performance.spec.ts" time="0.964">
<system-out>
<![CDATA[네트워크 요청 수: [33m42[39m
정적 자산 요청 수: [33m20[39m
]]>
</system-out>
</testcase>
</testsuite>
<testsuite name="todo-app.spec.ts" timestamp="2025-07-27T09:53:28.072Z" hostname="Mobile Safari" tests="5" failures="3" skipped="0" time="34.929" errors="0">
<testcase name="TODO 앱 핵심 기능 테스트 › 애플리케이션이 성공적으로 로드되어야 함" classname="todo-app.spec.ts" time="1.023">
</testcase>
<testcase name="TODO 앱 핵심 기능 테스트 › 초기 통계가 올바르게 표시되어야 함" classname="todo-app.spec.ts" time="1.005">
</testcase>
<testcase name="TODO 앱 핵심 기능 테스트 › 새로운 할 일을 추가할 수 있어야 함" classname="todo-app.spec.ts" time="10.961">
<failure message="todo-app.spec.ts:35:3 새로운 할 일을 추가할 수 있어야 함" type="FAILURE">
<![CDATA[  [Mobile Safari] › todo-app.spec.ts:35:3 › TODO 앱 핵심 기능 테스트 › 새로운 할 일을 추가할 수 있어야 함 ────────────────

    TimeoutError: locator.fill: Timeout 10000ms exceeded.
    Call log:
      - waiting for locator('[data-testid="todo-input"]').first()
        - locator resolved to <input value="" type="text" data-slot="input" data-testid="todo-input" placeholder="새로운 할 일을 입력하세요..." class="file:text-foreground placeholder:text-muted-foreground selection:bg-primary selection:text-primary-foreground dark:bg-input/30 border-input flex h-9 w-full min-w-0 rounded-md border bg-transparent px-3 py-1 text-base shadow-xs transition-[color,box-shadow] outline-none file:inline-flex file:h-7 file:border-0 file:bg-transparent file:text-sm file:font-medium disabled:pointer-events-none disabl…/>
        - fill("첫 번째 할 일")
      - attempting fill action
        2 × waiting for element to be visible, enabled and editable
          - element is not visible
        - retrying fill action
        - waiting 20ms
        2 × waiting for element to be visible, enabled and editable
          - element is not visible
        - retrying fill action
          - waiting 100ms
        20 × waiting for element to be visible, enabled and editable
           - element is not visible
         - retrying fill action
           - waiting 500ms


       at page-objects\todo-page.ts:77

      75 |     }
      76 |
    > 77 |     await this.todoInput.fill(title);
         |                          ^
      78 |     
      79 |     // 우선순위 선택 (Select 컴포넌트 구조에 맞게 수정)
      80 |     await this.prioritySelect.click();
        at TodoPage.addTodo (D:\study\viveCoding\hanbit-vibecoding-test\apps\client\e2e\page-objects\todo-page.ts:77:26)
        at D:\study\viveCoding\hanbit-vibecoding-test\apps\client\e2e\todo-app.spec.ts:38:20

    attachment #1: screenshot (image/png) ──────────────────────────────────────────────────────────
    ..\test-results\todo-app-TODO-앱-핵심-기능-테스트-새로운-할-일을-추가할-수-있어야-함-Mobile-Safari\test-failed-1.png
    ────────────────────────────────────────────────────────────────────────────────────────────────

    attachment #2: video (video/webm) ──────────────────────────────────────────────────────────────
    ..\test-results\todo-app-TODO-앱-핵심-기능-테스트-새로운-할-일을-추가할-수-있어야-함-Mobile-Safari\video.webm
    ────────────────────────────────────────────────────────────────────────────────────────────────

    Error Context: ..\test-results\todo-app-TODO-앱-핵심-기능-테스트-새로운-할-일을-추가할-수-있어야-함-Mobile-Safari\error-context.md
]]>
</failure>
<system-out>
<![CDATA[
[[ATTACHMENT|test-results\todo-app-TODO-앱-핵심-기능-테스트-새로운-할-일을-추가할-수-있어야-함-Mobile-Safari\test-failed-1.png]]

[[ATTACHMENT|test-results\todo-app-TODO-앱-핵심-기능-테스트-새로운-할-일을-추가할-수-있어야-함-Mobile-Safari\video.webm]]

[[ATTACHMENT|test-results\todo-app-TODO-앱-핵심-기능-테스트-새로운-할-일을-추가할-수-있어야-함-Mobile-Safari\error-context.md]]
]]>
</system-out>
</testcase>
<testcase name="TODO 앱 핵심 기능 테스트 › 다양한 우선순위로 할 일을 추가할 수 있어야 함" classname="todo-app.spec.ts" time="11.009">
<failure message="todo-app.spec.ts:52:3 다양한 우선순위로 할 일을 추가할 수 있어야 함" type="FAILURE">
<![CDATA[  [Mobile Safari] › todo-app.spec.ts:52:3 › TODO 앱 핵심 기능 테스트 › 다양한 우선순위로 할 일을 추가할 수 있어야 함 ──────────

    TimeoutError: locator.fill: Timeout 10000ms exceeded.
    Call log:
      - waiting for locator('[data-testid="todo-input"]').first()
        - locator resolved to <input value="" type="text" data-slot="input" data-testid="todo-input" placeholder="새로운 할 일을 입력하세요..." class="file:text-foreground placeholder:text-muted-foreground selection:bg-primary selection:text-primary-foreground dark:bg-input/30 border-input flex h-9 w-full min-w-0 rounded-md border bg-transparent px-3 py-1 text-base shadow-xs transition-[color,box-shadow] outline-none file:inline-flex file:h-7 file:border-0 file:bg-transparent file:text-sm file:font-medium disabled:pointer-events-none disabl…/>
        - fill("긴급한 할 일")
      - attempting fill action
        2 × waiting for element to be visible, enabled and editable
          - element is not visible
        - retrying fill action
        - waiting 20ms
        2 × waiting for element to be visible, enabled and editable
          - element is not visible
        - retrying fill action
          - waiting 100ms
        20 × waiting for element to be visible, enabled and editable
           - element is not visible
         - retrying fill action
           - waiting 500ms


       at page-objects\todo-page.ts:77

      75 |     }
      76 |
    > 77 |     await this.todoInput.fill(title);
         |                          ^
      78 |     
      79 |     // 우선순위 선택 (Select 컴포넌트 구조에 맞게 수정)
      80 |     await this.prioritySelect.click();
        at TodoPage.addTodo (D:\study\viveCoding\hanbit-vibecoding-test\apps\client\e2e\page-objects\todo-page.ts:77:26)
        at D:\study\viveCoding\hanbit-vibecoding-test\apps\client\e2e\todo-app.spec.ts:53:20

    attachment #1: screenshot (image/png) ──────────────────────────────────────────────────────────
    ..\test-results\todo-app-TODO-앱-핵심-기능-테스트-다양한-우선순위로-할-일을-추가할-수-있어야-함-Mobile-Safari\test-failed-1.png
    ────────────────────────────────────────────────────────────────────────────────────────────────

    attachment #2: video (video/webm) ──────────────────────────────────────────────────────────────
    ..\test-results\todo-app-TODO-앱-핵심-기능-테스트-다양한-우선순위로-할-일을-추가할-수-있어야-함-Mobile-Safari\video.webm
    ────────────────────────────────────────────────────────────────────────────────────────────────

    Error Context: ..\test-results\todo-app-TODO-앱-핵심-기능-테스트-다양한-우선순위로-할-일을-추가할-수-있어야-함-Mobile-Safari\error-context.md
]]>
</failure>
<system-out>
<![CDATA[
[[ATTACHMENT|test-results\todo-app-TODO-앱-핵심-기능-테스트-다양한-우선순위로-할-일을-추가할-수-있어야-함-Mobile-Safari\test-failed-1.png]]

[[ATTACHMENT|test-results\todo-app-TODO-앱-핵심-기능-테스트-다양한-우선순위로-할-일을-추가할-수-있어야-함-Mobile-Safari\video.webm]]

[[ATTACHMENT|test-results\todo-app-TODO-앱-핵심-기능-테스트-다양한-우선순위로-할-일을-추가할-수-있어야-함-Mobile-Safari\error-context.md]]
]]>
</system-out>
</testcase>
<testcase name="TODO 앱 핵심 기능 테스트 › 빈 제목으로는 할 일을 추가할 수 없어야 함" classname="todo-app.spec.ts" time="10.931">
<failure message="todo-app.spec.ts:63:3 빈 제목으로는 할 일을 추가할 수 없어야 함" type="FAILURE">
<![CDATA[  [Mobile Safari] › todo-app.spec.ts:63:3 › TODO 앱 핵심 기능 테스트 › 빈 제목으로는 할 일을 추가할 수 없어야 함 ────────────

    TimeoutError: locator.fill: Timeout 10000ms exceeded.
    Call log:
      - waiting for locator('[data-testid="todo-input"]').first()
        - locator resolved to <input value="" type="text" data-slot="input" data-testid="todo-input" placeholder="새로운 할 일을 입력하세요..." class="file:text-foreground placeholder:text-muted-foreground selection:bg-primary selection:text-primary-foreground dark:bg-input/30 border-input flex h-9 w-full min-w-0 rounded-md border bg-transparent px-3 py-1 text-base shadow-xs transition-[color,box-shadow] outline-none file:inline-flex file:h-7 file:border-0 file:bg-transparent file:text-sm file:font-medium disabled:pointer-events-none disabl…/>
        - fill("")
      - attempting fill action
        2 × waiting for element to be visible, enabled and editable
          - element is not visible
        - retrying fill action
        - waiting 20ms
        2 × waiting for element to be visible, enabled and editable
          - element is not visible
        - retrying fill action
          - waiting 100ms
        20 × waiting for element to be visible, enabled and editable
           - element is not visible
         - retrying fill action
           - waiting 500ms


       at page-objects\todo-page.ts:72

      70 |     if (!title.trim()) {
      71 |       // 빈 제목인 경우 그냥 시도만 하고 리턴
    > 72 |       await this.todoInput.fill('');
         |                            ^
      73 |       await this.addButton.click();
      74 |       return;
      75 |     }
        at TodoPage.addTodo (D:\study\viveCoding\hanbit-vibecoding-test\apps\client\e2e\page-objects\todo-page.ts:72:28)
        at D:\study\viveCoding\hanbit-vibecoding-test\apps\client\e2e\todo-app.spec.ts:64:20

    attachment #1: screenshot (image/png) ──────────────────────────────────────────────────────────
    ..\test-results\todo-app-TODO-앱-핵심-기능-테스트-빈-제목으로는-할-일을-추가할-수-없어야-함-Mobile-Safari\test-failed-1.png
    ────────────────────────────────────────────────────────────────────────────────────────────────

    attachment #2: video (video/webm) ──────────────────────────────────────────────────────────────
    ..\test-results\todo-app-TODO-앱-핵심-기능-테스트-빈-제목으로는-할-일을-추가할-수-없어야-함-Mobile-Safari\video.webm
    ────────────────────────────────────────────────────────────────────────────────────────────────

    Error Context: ..\test-results\todo-app-TODO-앱-핵심-기능-테스트-빈-제목으로는-할-일을-추가할-수-없어야-함-Mobile-Safari\error-context.md
]]>
</failure>
<system-out>
<![CDATA[
[[ATTACHMENT|test-results\todo-app-TODO-앱-핵심-기능-테스트-빈-제목으로는-할-일을-추가할-수-없어야-함-Mobile-Safari\test-failed-1.png]]

[[ATTACHMENT|test-results\todo-app-TODO-앱-핵심-기능-테스트-빈-제목으로는-할-일을-추가할-수-없어야-함-Mobile-Safari\video.webm]]

[[ATTACHMENT|test-results\todo-app-TODO-앱-핵심-기능-테스트-빈-제목으로는-할-일을-추가할-수-없어야-함-Mobile-Safari\error-context.md]]
]]>
</system-out>
</testcase>
</testsuite>
<testsuite name="performance.spec.ts" timestamp="2025-07-27T09:53:28.072Z" hostname="Tablet" tests="6" failures="2" skipped="0" time="19.114" errors="0">
<testcase name="성능 테스트 › 초기 페이지 로드 성능" classname="performance.spec.ts" time="0.799">
<system-out>
<![CDATA[성능 메트릭: {
  domContentLoaded: [33m0.10000002384185791[39m,
  loadComplete: [33m0[39m,
  firstPaint: [33m88[39m,
  firstContentfulPaint: [33m176[39m,
  networkTime: [33m1.600000023841858[39m
}
]]>
</system-out>
</testcase>
<testcase name="성능 테스트 › 대량 데이터 렌더링 성능" classname="performance.spec.ts" time="1.399">
</testcase>
<testcase name="성능 테스트 › 검색 성능" classname="performance.spec.ts" time="2.63">
</testcase>
<testcase name="성능 테스트 › 필터링 성능" classname="performance.spec.ts" time="2.346">
<failure message="performance.spec.ts:87:3 필터링 성능" type="FAILURE">
<![CDATA[  [Tablet] › performance.spec.ts:87:3 › 성능 테스트 › 필터링 성능 ────────────────────────────────────────────

    Error: expect(received).toBeLessThan(expected)

    Expected: < 500
    Received:   694

      107 |     
      108 |     // 필터링은 500ms 이내 완료
    > 109 |     expect(filterTime).toBeLessThan(500);
          |                        ^
      110 |   });
      111 |
      112 |   test('메모리 사용량 모니터링', async ({ page }) => {
        at D:\study\viveCoding\hanbit-vibecoding-test\apps\client\e2e\performance.spec.ts:109:24

    attachment #1: screenshot (image/png) ──────────────────────────────────────────────────────────
    ..\test-results\performance-성능-테스트-필터링-성능-Tablet\test-failed-1.png
    ────────────────────────────────────────────────────────────────────────────────────────────────

    attachment #2: video (video/webm) ──────────────────────────────────────────────────────────────
    ..\test-results\performance-성능-테스트-필터링-성능-Tablet\video.webm
    ────────────────────────────────────────────────────────────────────────────────────────────────

    Error Context: ..\test-results\performance-성능-테스트-필터링-성능-Tablet\error-context.md
]]>
</failure>
<system-out>
<![CDATA[
[[ATTACHMENT|test-results\performance-성능-테스트-필터링-성능-Tablet\test-failed-1.png]]

[[ATTACHMENT|test-results\performance-성능-테스트-필터링-성능-Tablet\video.webm]]

[[ATTACHMENT|test-results\performance-성능-테스트-필터링-성능-Tablet\error-context.md]]
]]>
</system-out>
</testcase>
<testcase name="성능 테스트 › 메모리 사용량 모니터링" classname="performance.spec.ts" time="11.103">
<failure message="performance.spec.ts:112:3 메모리 사용량 모니터링" type="FAILURE">
<![CDATA[  [Tablet] › performance.spec.ts:112:3 › 성능 테스트 › 메모리 사용량 모니터링 ─────────────────────────────────────

    TimeoutError: locator.click: Timeout 10000ms exceeded.
    Call log:
      - waiting for locator('[value="medium"]')


       at page-objects\todo-page.ts:81

      79 |     // 우선순위 선택 (Select 컴포넌트 구조에 맞게 수정)
      80 |     await this.prioritySelect.click();
    > 81 |     await this.page.locator(`[value="${priority}"]`).click();
         |                                                      ^
      82 |     
      83 |     // 추가 버튼 클릭
      84 |     await this.addButton.click();
        at TodoPage.addTodo (D:\study\viveCoding\hanbit-vibecoding-test\apps\client\e2e\page-objects\todo-page.ts:81:54)
        at D:\study\viveCoding\hanbit-vibecoding-test\apps\client\e2e\performance.spec.ts:126:7

    attachment #1: screenshot (image/png) ──────────────────────────────────────────────────────────
    ..\test-results\performance-성능-테스트-메모리-사용량-모니터링-Tablet\test-failed-1.png
    ────────────────────────────────────────────────────────────────────────────────────────────────

    attachment #2: video (video/webm) ──────────────────────────────────────────────────────────────
    ..\test-results\performance-성능-테스트-메모리-사용량-모니터링-Tablet\video.webm
    ────────────────────────────────────────────────────────────────────────────────────────────────

    Error Context: ..\test-results\performance-성능-테스트-메모리-사용량-모니터링-Tablet\error-context.md
]]>
</failure>
<system-out>
<![CDATA[
[[ATTACHMENT|test-results\performance-성능-테스트-메모리-사용량-모니터링-Tablet\test-failed-1.png]]

[[ATTACHMENT|test-results\performance-성능-테스트-메모리-사용량-모니터링-Tablet\video.webm]]

[[ATTACHMENT|test-results\performance-성능-테스트-메모리-사용량-모니터링-Tablet\error-context.md]]
]]>
</system-out>
</testcase>
<testcase name="성능 테스트 › 네트워크 요청 최적화" classname="performance.spec.ts" time="0.837">
<system-out>
<![CDATA[네트워크 요청 수: [33m42[39m
정적 자산 요청 수: [33m20[39m
]]>
</system-out>
</testcase>
</testsuite>
<testsuite name="todo-app.spec.ts" timestamp="2025-07-27T09:53:28.072Z" hostname="Tablet" tests="5" failures="2" skipped="0" time="24.728" errors="0">
<testcase name="TODO 앱 핵심 기능 테스트 › 애플리케이션이 성공적으로 로드되어야 함" classname="todo-app.spec.ts" time="0.879">
</testcase>
<testcase name="TODO 앱 핵심 기능 테스트 › 초기 통계가 올바르게 표시되어야 함" classname="todo-app.spec.ts" time="0.873">
</testcase>
<testcase name="TODO 앱 핵심 기능 테스트 › 새로운 할 일을 추가할 수 있어야 함" classname="todo-app.spec.ts" time="11.089">
<failure message="todo-app.spec.ts:35:3 새로운 할 일을 추가할 수 있어야 함" type="FAILURE">
<![CDATA[  [Tablet] › todo-app.spec.ts:35:3 › TODO 앱 핵심 기능 테스트 › 새로운 할 일을 추가할 수 있어야 함 ───────────────────────

    TimeoutError: locator.click: Timeout 10000ms exceeded.
    Call log:
      - waiting for locator('[value="medium"]')


       at page-objects\todo-page.ts:81

      79 |     // 우선순위 선택 (Select 컴포넌트 구조에 맞게 수정)
      80 |     await this.prioritySelect.click();
    > 81 |     await this.page.locator(`[value="${priority}"]`).click();
         |                                                      ^
      82 |     
      83 |     // 추가 버튼 클릭
      84 |     await this.addButton.click();
        at TodoPage.addTodo (D:\study\viveCoding\hanbit-vibecoding-test\apps\client\e2e\page-objects\todo-page.ts:81:54)
        at D:\study\viveCoding\hanbit-vibecoding-test\apps\client\e2e\todo-app.spec.ts:38:5

    attachment #1: screenshot (image/png) ──────────────────────────────────────────────────────────
    ..\test-results\todo-app-TODO-앱-핵심-기능-테스트-새로운-할-일을-추가할-수-있어야-함-Tablet\test-failed-1.png
    ────────────────────────────────────────────────────────────────────────────────────────────────

    attachment #2: video (video/webm) ──────────────────────────────────────────────────────────────
    ..\test-results\todo-app-TODO-앱-핵심-기능-테스트-새로운-할-일을-추가할-수-있어야-함-Tablet\video.webm
    ────────────────────────────────────────────────────────────────────────────────────────────────

    Error Context: ..\test-results\todo-app-TODO-앱-핵심-기능-테스트-새로운-할-일을-추가할-수-있어야-함-Tablet\error-context.md
]]>
</failure>
<system-out>
<![CDATA[
[[ATTACHMENT|test-results\todo-app-TODO-앱-핵심-기능-테스트-새로운-할-일을-추가할-수-있어야-함-Tablet\test-failed-1.png]]

[[ATTACHMENT|test-results\todo-app-TODO-앱-핵심-기능-테스트-새로운-할-일을-추가할-수-있어야-함-Tablet\video.webm]]

[[ATTACHMENT|test-results\todo-app-TODO-앱-핵심-기능-테스트-새로운-할-일을-추가할-수-있어야-함-Tablet\error-context.md]]
]]>
</system-out>
</testcase>
<testcase name="TODO 앱 핵심 기능 테스트 › 다양한 우선순위로 할 일을 추가할 수 있어야 함" classname="todo-app.spec.ts" time="11.05">
<failure message="todo-app.spec.ts:52:3 다양한 우선순위로 할 일을 추가할 수 있어야 함" type="FAILURE">
<![CDATA[  [Tablet] › todo-app.spec.ts:52:3 › TODO 앱 핵심 기능 테스트 › 다양한 우선순위로 할 일을 추가할 수 있어야 함 ─────────────────

    TimeoutError: locator.click: Timeout 10000ms exceeded.
    Call log:
      - waiting for locator('[value="high"]')


       at page-objects\todo-page.ts:81

      79 |     // 우선순위 선택 (Select 컴포넌트 구조에 맞게 수정)
      80 |     await this.prioritySelect.click();
    > 81 |     await this.page.locator(`[value="${priority}"]`).click();
         |                                                      ^
      82 |     
      83 |     // 추가 버튼 클릭
      84 |     await this.addButton.click();
        at TodoPage.addTodo (D:\study\viveCoding\hanbit-vibecoding-test\apps\client\e2e\page-objects\todo-page.ts:81:54)
        at D:\study\viveCoding\hanbit-vibecoding-test\apps\client\e2e\todo-app.spec.ts:53:5

    attachment #1: screenshot (image/png) ──────────────────────────────────────────────────────────
    ..\test-results\todo-app-TODO-앱-핵심-기능-테스트-다양한-우선순위로-할-일을-추가할-수-있어야-함-Tablet\test-failed-1.png
    ────────────────────────────────────────────────────────────────────────────────────────────────

    attachment #2: video (video/webm) ──────────────────────────────────────────────────────────────
    ..\test-results\todo-app-TODO-앱-핵심-기능-테스트-다양한-우선순위로-할-일을-추가할-수-있어야-함-Tablet\video.webm
    ────────────────────────────────────────────────────────────────────────────────────────────────

    Error Context: ..\test-results\todo-app-TODO-앱-핵심-기능-테스트-다양한-우선순위로-할-일을-추가할-수-있어야-함-Tablet\error-context.md
]]>
</failure>
<system-out>
<![CDATA[
[[ATTACHMENT|test-results\todo-app-TODO-앱-핵심-기능-테스트-다양한-우선순위로-할-일을-추가할-수-있어야-함-Tablet\test-failed-1.png]]

[[ATTACHMENT|test-results\todo-app-TODO-앱-핵심-기능-테스트-다양한-우선순위로-할-일을-추가할-수-있어야-함-Tablet\video.webm]]

[[ATTACHMENT|test-results\todo-app-TODO-앱-핵심-기능-테스트-다양한-우선순위로-할-일을-추가할-수-있어야-함-Tablet\error-context.md]]
]]>
</system-out>
</testcase>
<testcase name="TODO 앱 핵심 기능 테스트 › 빈 제목으로는 할 일을 추가할 수 없어야 함" classname="todo-app.spec.ts" time="0.837">
</testcase>
</testsuite>
</testsuites>